This is pdfTeX, Version 3.1415926-2.5-1.40.14 (MiKTeX 2.9) (preloaded format=pdflatex 2016.4.27)  30 APR 2016 23:47
entering extended mode
**MEngProject.tex

("\\userfs\ac1054\w2k\4TH YEAR\Final Project\AFinal Report\MEngReport\MEngProje
ct.tex"
LaTeX2e <2011/06/27>
Babel <v3.8m> and hyphenation patterns for english, afrikaans, ancientgreek, ar
abic, armenian, assamese, basque, bengali, bokmal, bulgarian, catalan, coptic, 
croatian, czech, danish, dutch, esperanto, estonian, farsi, finnish, french, ga
lician, german, german-x-2013-05-26, greek, gujarati, hindi, hungarian, iceland
ic, indonesian, interlingua, irish, italian, kannada, kurmanji, latin, latvian,
 lithuanian, malayalam, marathi, mongolian, mongolianlmc, monogreek, ngerman, n
german-x-2013-05-26, nynorsk, oriya, panjabi, pinyin, polish, portuguese, roman
ian, russian, sanskrit, serbian, slovak, slovenian, spanish, swedish, swissgerm
an, tamil, telugu, turkish, turkmen, ukenglish, ukrainian, uppersorbian, usengl
ishmax, welsh, loaded.

("\\userfs\ac1054\w2k\4TH YEAR\Final Project\AFinal Report\MEngReport\uoyths.cl
s"
Document Class: uoyths 2005/03/15 v0.1 Thesis Class to University of York Speci
fications
(C:\TEX\MiKTeX\tex\latex\base\ifthen.sty
Package: ifthen 2001/05/26 v1.1c Standard LaTeX ifthen package (DPC)
)
(C:\TEX\MiKTeX\tex\latex\base\report.cls
Document Class: report 2007/10/19 v1.4h Standard LaTeX document class
(C:\TEX\MiKTeX\tex\latex\base\size11.clo
File: size11.clo 2007/10/19 v1.4h Standard LaTeX file (size option)
)
\c@part=\count79
\c@chapter=\count80
\c@section=\count81
\c@subsection=\count82
\c@subsubsection=\count83
\c@paragraph=\count84
\c@subparagraph=\count85
\c@figure=\count86
\c@table=\count87
\abovecaptionskip=\skip41
\belowcaptionskip=\skip42
\bibindent=\dimen102
)
(C:\TEX\MiKTeX\tex\latex\minitoc\minitoc.sty
Package: minitoc 2008/07/16 v60 Package minitoc (JPFD)

(C:\TEX\MiKTeX\tex\latex\minitoc\mtcmess.sty
Package: mtcmess 2006/03/14
)
Package minitoc Info: I0001
(minitoc)             *** minitoc package, version 60 ***.
\tf@mtc=\write3
\mtcindent=\skip43
\mtcskipamount=\skip44
Package minitoc Info: I0005
(minitoc)             compatible with hyperref.
Package minitoc Info: I0023
(minitoc)             part level macros available.
Package minitoc Info: I0003
(minitoc)             chapter level macros available.
\mtc@toks=\toks14
\mtc@strutbox=\box26
\mtc@hstrutbox=\box27
Package minitoc Info: I0002
(minitoc)             Autoconfiguration of extensions.

("\\userfs\ac1054\w2k\4TH YEAR\Final Project\AFinal Report\MEngReport\MEngProje
ct.mtc0")
Package minitoc Info: I0012
(minitoc)             Long extensions (Unix-like) will be used.
Package minitoc Info: I0031
(minitoc)             ==> this version is configured for UNIX-like 
(minitoc)                 (long extensions) file names.
\c@mtc=\count88
\c@minitocdepth=\count89
\c@ptc=\count90
\c@parttocdepth=\count91
\ptcindent=\skip45
Package minitoc Info: I0010
(minitoc)             The english language is selected.
(minitoc)              on input line 4910.
 (C:\TEX\MiKTeX\tex\latex\minitoc\english.mld
File: english.mld 2006/01/13
)
(C:\TEX\MiKTeX\tex\latex\minitoc\english.mld
File: english.mld 2006/01/13
))
("\\userfs\ac1054\w2k\4TH YEAR\Final Project\AFinal Report\MEngReport\chapterEn
v.sty"
Package: chapterEnv 2005/05/02 v0.1 Provides Chapter and Section Environments
) (C:\TEX\MiKTeX\tex\latex\nomencl\nomencl.sty
Package: nomencl 2005/09/22 v4.2 Nomenclature package (LN)
\nomlabelwidth=\dimen103
\nom@tempdim=\dimen104
\nomitemsep=\skip46
)
(C:\TEX\MiKTeX\tex\latex\setspace\setspace.sty
Package: setspace 2011/12/19 v6.7a set line spacing
)
(C:\TEX\MiKTeX\tex\latex\fancyhdr\fancyhdr.sty
\fancy@headwidth=\skip47
\f@ncyO@elh=\skip48
\f@ncyO@erh=\skip49
\f@ncyO@olh=\skip50
\f@ncyO@orh=\skip51
\f@ncyO@elf=\skip52
\f@ncyO@erf=\skip53
\f@ncyO@olf=\skip54
\f@ncyO@orf=\skip55
)
(C:\TEX\MiKTeX\tex\latex\graphics\epsfig.sty
Package: epsfig 1999/02/16 v1.7a (e)psfig emulation (SPQR)

(C:\TEX\MiKTeX\tex\latex\graphics\graphicx.sty
Package: graphicx 1999/02/16 v1.0f Enhanced LaTeX Graphics (DPC,SPQR)

(C:\TEX\MiKTeX\tex\latex\graphics\keyval.sty
Package: keyval 1999/03/16 v1.13 key=value parser (DPC)
\KV@toks@=\toks15
)
(C:\TEX\MiKTeX\tex\latex\graphics\graphics.sty
Package: graphics 2009/02/05 v1.0o Standard LaTeX Graphics (DPC,SPQR)

(C:\TEX\MiKTeX\tex\latex\graphics\trig.sty
Package: trig 1999/03/16 v1.09 sin cos tan (DPC)
)
(C:\TEX\MiKTeX\tex\latex\00miktex\graphics.cfg
File: graphics.cfg 2007/01/18 v1.5 graphics configuration of teTeX/TeXLive
)
Package graphics Info: Driver file: pdftex.def on input line 91.

(C:\TEX\MiKTeX\tex\latex\pdftex-def\pdftex.def
File: pdftex.def 2011/05/27 v0.06d Graphics/color for pdfTeX

(C:\TEX\MiKTeX\tex\generic\oberdiek\infwarerr.sty
Package: infwarerr 2010/04/08 v1.3 Providing info/warning/error messages (HO)
)
(C:\TEX\MiKTeX\tex\generic\oberdiek\ltxcmds.sty
Package: ltxcmds 2011/11/09 v1.22 LaTeX kernel commands for general use (HO)
)
\Gread@gobject=\count92
))
\Gin@req@height=\dimen105
\Gin@req@width=\dimen106
)
\epsfxsize=\dimen107
\epsfysize=\dimen108
)
(C:\TEX\MiKTeX\tex\latex\xkeyval\xkeyval.sty
Package: xkeyval 2012/10/14 v2.6b package option processing (HA)

(C:\TEX\MiKTeX\tex\generic\xkeyval\xkeyval.tex
\XKV@toks=\toks16
\XKV@tempa@toks=\toks17
\XKV@depth=\count93
File: xkeyval.tex 2012/10/14 v2.6b key=value parser (HA)
))
\barlength=\skip56
\VerticalOffset=\skip57
)
(C:\TEX\MiKTeX\tex\latex\biblatex\biblatex.sty
Package: biblatex 2013/07/15 v2.7a programmable bibliographies (PK/JW/AB)

(C:\TEX\MiKTeX\tex\latex\biblatex\biblatex1.sty
Package: biblatex1 2013/07/15 v2.7a programmable bibliographies (bibtex) (PK/JW
/AB)

(C:\TEX\MiKTeX\tex\latex\etoolbox\etoolbox.sty
Package: etoolbox 2011/01/03 v2.1 e-TeX tools for LaTeX

(C:\TEX\MiKTeX\tex\latex\misc\etex.sty
Package: etex 1998/03/26 v2.0 eTeX basic definition package (PEB)
\et@xins=\count94
)
\etb@tempcnta=\count95
)
(C:\TEX\MiKTeX\tex\latex\logreq\logreq.sty
Package: logreq 2010/08/04 v1.0 xml request logger
\lrq@indent=\count96

(C:\TEX\MiKTeX\tex\latex\logreq\logreq.def
File: logreq.def 2010/08/04 v1.0 logreq spec v1.0
))
(C:\TEX\MiKTeX\tex\latex\url\url.sty
\Urlmuskip=\muskip10
Package: url 2006/04/12  ver 3.3  Verb mode for urls, etc.
)
\c@tabx@nest=\count97
\c@listtotal=\count98
\c@listcount=\count99
\c@liststart=\count100
\c@liststop=\count101
\c@citecount=\count102
\c@citetotal=\count103
\c@multicitecount=\count104
\c@multicitetotal=\count105
\c@instcount=\count106
\c@maxnames=\count107
\c@minnames=\count108
\c@maxitems=\count109
\c@minitems=\count110
\c@citecounter=\count111
\c@savedcitecounter=\count112
\c@uniquelist=\count113
\c@uniquename=\count114
\c@refsection=\count115
\c@refsegment=\count116
\c@maxextrayear=\count117
\c@maxextraalpha=\count118
\c@abbrvpenalty=\count119
\c@highnamepenalty=\count120
\c@lownamepenalty=\count121
\c@maxparens=\count122
\c@parenlevel=\count123
\blx@tempcnta=\count124
\blx@tempcntb=\count125
\blx@tempcntc=\count126
\blx@maxsection=\count127
\blx@maxsegment=\count128
\blx@notetype=\count129
\blx@parenlevel@text=\count130
\blx@parenlevel@foot=\count131
\labelnumberwidth=\skip58
\labelalphawidth=\skip59
\shorthandwidth=\skip60
\biblabelsep=\skip61
\bibitemsep=\skip62
\bibnamesep=\skip63
\bibinitsep=\skip64
\bibparsep=\skip65
\bibhang=\skip66
\blx@auxin=\read1
\blx@auxout=\write4
\c@mincomprange=\count132
\c@maxcomprange=\count133
\c@mincompwidth=\count134
\c@labelname=\count135
\c@savedlabelname=\count136
\c@author=\count137
\c@savedauthor=\count138
\c@shortauthor=\count139
\c@savedshortauthor=\count140
\c@editor=\count141
\c@savededitor=\count142
\c@editora=\count143
\c@savededitora=\count144
\c@editorb=\count145
\c@savededitorb=\count146
\c@editorc=\count147
\c@savededitorc=\count148
\c@shorteditor=\count149
\c@savedshorteditor=\count150
\c@bookauthor=\count151
\c@savedbookauthor=\count152
\c@translator=\count153
\c@savedtranslator=\count154
\c@annotator=\count155
\c@savedannotator=\count156
\c@commentator=\count157
\c@savedcommentator=\count158
\c@introduction=\count159
\c@savedintroduction=\count160
\c@foreword=\count161
\c@savedforeword=\count162
\c@afterword=\count163
\c@savedafterword=\count164
\c@holder=\count165
\c@savedholder=\count166
\c@namea=\count167
\c@savednamea=\count168
\c@nameb=\count169
\c@savednameb=\count170
\c@namec=\count171
\c@savednamec=\count172
\c@institution=\count173
\c@savedinstitution=\count174
\c@language=\count175
\c@savedlanguage=\count176
\c@location=\count177
\c@savedlocation=\count178
\c@organization=\count179
\c@savedorganization=\count180
\c@origlocation=\count181
\c@savedoriglocation=\count182
\c@origpublisher=\count183
\c@savedorigpublisher=\count184
\c@pageref=\count185
\c@savedpageref=\count186
\c@publisher=\count187
\c@savedpublisher=\count188
\c@lista=\count189
\c@savedlista=\count190
\c@listb=\count191
\c@savedlistb=\count192
\c@listc=\count193
\c@savedlistc=\count194
\c@listd=\count195
\c@savedlistd=\count196
\c@liste=\count197
\c@savedliste=\count198
\c@listf=\count199
\c@savedlistf=\count200
Package biblatex Info: Trying to load compatibility code...
Package biblatex Info: ... file 'blx-compat.def' found.

(C:\TEX\MiKTeX\tex\latex\biblatex\blx-compat.def
File: blx-compat.def 2013/07/15 v2.7a biblatex compatibility (PK/JW/AB)
)
Package biblatex Info: Trying to load generic definitions...
Package biblatex Info: ... file 'biblatex.def' found.

(C:\TEX\MiKTeX\tex\latex\biblatex\biblatex.def
File: biblatex.def 
\c@textcitecount=\count201
\c@textcitetotal=\count202
\c@textcitemaxnames=\count203
\c@biburlnumpenalty=\count204
\c@biburlucpenalty=\count205
\c@biburllcpenalty=\count206
\c@smartand=\count207
)
Package biblatex Info: Trying to load bibliography style 'ieee'...
Package biblatex Info: ... file 'ieee.bbx' found.

(C:\TEX\MiKTeX\tex\latex\biblatex-ieee\ieee.bbx
File: ieee.bbx 2013/06/18 v1.1i biblatex bibliography style
Package biblatex Info: Trying to load bibliography style 'numeric-comp'...
Package biblatex Info: ... file 'numeric-comp.bbx' found.

(C:\TEX\MiKTeX\tex\latex\biblatex\bbx\numeric-comp.bbx
File: numeric-comp.bbx 2013/07/15 v2.7a biblatex bibliography style (PK/JW/AB)
Package biblatex Info: Trying to load bibliography style 'numeric'...
Package biblatex Info: ... file 'numeric.bbx' found.

(C:\TEX\MiKTeX\tex\latex\biblatex\bbx\numeric.bbx
File: numeric.bbx 2013/07/15 v2.7a biblatex bibliography style (PK/JW/AB)
Package biblatex Info: Trying to load bibliography style 'standard'...
Package biblatex Info: ... file 'standard.bbx' found.

(C:\TEX\MiKTeX\tex\latex\biblatex\bbx\standard.bbx
File: standard.bbx 2013/07/15 v2.7a biblatex bibliography style (PK/JW/AB)
\c@bbx:relatedcount=\count208
\c@bbx:relatedtotal=\count209
))))
Package biblatex Info: Trying to load citation style 'ieee'...
Package biblatex Info: ... file 'ieee.cbx' found.

(C:\TEX\MiKTeX\tex\latex\biblatex-ieee\ieee.cbx
File: ieee.cbx 2013/06/18 v1.1i biblatex citation style
Package biblatex Info: Trying to load citation style 'numeric-comp'...
Package biblatex Info: ... file 'numeric-comp.cbx' found.

(C:\TEX\MiKTeX\tex\latex\biblatex\cbx\numeric-comp.cbx
File: numeric-comp.cbx 2013/07/15 v2.7a biblatex citation style (PK/JW/AB)
\c@cbx@tempcnta=\count210
\c@cbx@tempcntb=\count211
Package biblatex Info: Redefining '\cite'.
Package biblatex Info: Redefining '\parencite'.
Package biblatex Info: Redefining '\footcite'.
Package biblatex Info: Redefining '\footcitetext'.
Package biblatex Info: Redefining '\smartcite'.
Package biblatex Info: Redefining '\supercite'.
Package biblatex Info: Redefining '\textcite'.
Package biblatex Info: Redefining '\textcites'.
Package biblatex Info: Redefining '\cites'.
Package biblatex Info: Redefining '\parencites'.
Package biblatex Info: Redefining '\smartcites'.
)
Package biblatex Info: Redefining '\cite'.
Package biblatex Info: Redefining '\textcite'.
Package biblatex Info: Redefining '\cites'.
)
Package biblatex Info: Trying to load configuration file...
Package biblatex Info: ... file 'biblatex.cfg' found.

(C:\TEX\MiKTeX\tex\latex\biblatex\biblatex.cfg
File: biblatex.cfg 
)))
(C:\TEX\MiKTeX\tex\latex\oberdiek\epstopdf.sty
Package: epstopdf 2010/02/09 v2.5 Conversion with epstopdf on the fly (HO)

(C:\TEX\MiKTeX\tex\latex\oberdiek\epstopdf-base.sty
Package: epstopdf-base 2010/02/09 v2.5 Base part for package epstopdf

(C:\TEX\MiKTeX\tex\latex\oberdiek\grfext.sty
Package: grfext 2010/08/19 v1.1 Manage graphics extensions (HO)

(C:\TEX\MiKTeX\tex\generic\oberdiek\kvdefinekeys.sty
Package: kvdefinekeys 2011/04/07 v1.3 Define keys (HO)
))
(C:\TEX\MiKTeX\tex\latex\oberdiek\kvoptions.sty
Package: kvoptions 2011/06/30 v3.11 Key value format for package options (HO)

(C:\TEX\MiKTeX\tex\generic\oberdiek\kvsetkeys.sty
Package: kvsetkeys 2012/04/25 v1.16 Key value parser (HO)

(C:\TEX\MiKTeX\tex\generic\oberdiek\etexcmds.sty
Package: etexcmds 2011/02/16 v1.5 Avoid name clashes with e-TeX commands (HO)

(C:\TEX\MiKTeX\tex\generic\oberdiek\ifluatex.sty
Package: ifluatex 2010/03/01 v1.3 Provides the ifluatex switch (HO)
Package ifluatex Info: LuaTeX not detected.
)
Package etexcmds Info: Could not find \expanded.
(etexcmds)             That can mean that you are not using pdfTeX 1.50 or
(etexcmds)             that some package has redefined \expanded.
(etexcmds)             In the latter case, load this package earlier.
)))
(C:\TEX\MiKTeX\tex\generic\oberdiek\pdftexcmds.sty
Package: pdftexcmds 2011/11/29 v0.20 Utility functions of pdfTeX for LuaTeX (HO
)

(C:\TEX\MiKTeX\tex\generic\oberdiek\ifpdf.sty
Package: ifpdf 2011/01/30 v2.3 Provides the ifpdf switch (HO)
Package ifpdf Info: pdfTeX in PDF mode is detected.
)
Package pdftexcmds Info: LuaTeX not detected.
Package pdftexcmds Info: \pdf@primitive is available.
Package pdftexcmds Info: \pdf@ifprimitive is available.
Package pdftexcmds Info: \pdfdraftmode found.
)
Package grfext Info: Graphics extension search list:
(grfext)             [.png,.pdf,.jpg,.mps,.jpeg,.jbig2,.jb2,.PNG,.PDF,.JPG,.JPE
G,.JBIG2,.JB2,.eps]
(grfext)             \AppendGraphicsExtensions on input line 452.
))
(C:\TEX\MiKTeX\tex\latex\booktabs\booktabs.sty
Package: booktabs 2005/04/14 v1.61803 publication quality tables
\heavyrulewidth=\dimen109
\lightrulewidth=\dimen110
\cmidrulewidth=\dimen111
\belowrulesep=\dimen112
\belowbottomsep=\dimen113
\aboverulesep=\dimen114
\abovetopsep=\dimen115
\cmidrulesep=\dimen116
\cmidrulekern=\dimen117
\defaultaddspace=\dimen118
\@cmidla=\count212
\@cmidlb=\count213
\@aboverulesep=\dimen119
\@belowrulesep=\dimen120
\@thisruleclass=\count214
\@lastruleclass=\count215
\@thisrulewidth=\dimen121
)
(C:\TEX\MiKTeX\tex\latex\amsmath\amsmath.sty
Package: amsmath 2013/01/14 v2.14 AMS math features
\@mathmargin=\skip67

For additional information on amsmath, use the `?' option.
(C:\TEX\MiKTeX\tex\latex\amsmath\amstext.sty
Package: amstext 2000/06/29 v2.01

(C:\TEX\MiKTeX\tex\latex\amsmath\amsgen.sty
File: amsgen.sty 1999/11/30 v2.0
\@emptytoks=\toks18
\ex@=\dimen122
))
(C:\TEX\MiKTeX\tex\latex\amsmath\amsbsy.sty
Package: amsbsy 1999/11/29 v1.2d
\pmbraise@=\dimen123
)
(C:\TEX\MiKTeX\tex\latex\amsmath\amsopn.sty
Package: amsopn 1999/12/14 v2.01 operator names
)
\inf@bad=\count216
LaTeX Info: Redefining \frac on input line 210.
\uproot@=\count217
\leftroot@=\count218
LaTeX Info: Redefining \overline on input line 306.
\classnum@=\count219
\DOTSCASE@=\count220
LaTeX Info: Redefining \ldots on input line 378.
LaTeX Info: Redefining \dots on input line 381.
LaTeX Info: Redefining \cdots on input line 466.
\Mathstrutbox@=\box28
\strutbox@=\box29
\big@size=\dimen124
LaTeX Font Info:    Redeclaring font encoding OML on input line 566.
LaTeX Font Info:    Redeclaring font encoding OMS on input line 567.
\macc@depth=\count221
\c@MaxMatrixCols=\count222
\dotsspace@=\muskip11
\c@parentequation=\count223
\dspbrk@lvl=\count224
\tag@help=\toks19
\row@=\count225
\column@=\count226
\maxfields@=\count227
\andhelp@=\toks20
\eqnshift@=\dimen125
\alignsep@=\dimen126
\tagshift@=\dimen127
\tagwidth@=\dimen128
\totwidth@=\dimen129
\lineht@=\dimen130
\@envbody=\toks21
\multlinegap=\skip68
\multlinetaggap=\skip69
\mathdisplay@stack=\toks22
LaTeX Info: Redefining \[ on input line 2665.
LaTeX Info: Redefining \] on input line 2666.
)
(C:\TEX\MiKTeX\tex\latex\tools\array.sty
Package: array 2008/09/09 v2.4c Tabular extension package (FMi)
\col@sep=\dimen131
\extrarowheight=\dimen132
\NC@list=\toks23
\extratabsurround=\skip70
\backup@length=\skip71
)
(C:\TEX\MiKTeX\tex\latex\was\gensymb.sty
Package: gensymb 2003/07/02 v1.0 (WaS)
)
(C:\TEX\MiKTeX\tex\latex\hyperref\hyperref.sty
Package: hyperref 2012/11/06 v6.83m Hypertext links for LaTeX

(C:\TEX\MiKTeX\tex\generic\oberdiek\hobsub-hyperref.sty
Package: hobsub-hyperref 2012/04/25 v1.12 Bundle oberdiek, subset hyperref (HO)


(C:\TEX\MiKTeX\tex\generic\oberdiek\hobsub-generic.sty
Package: hobsub-generic 2012/04/25 v1.12 Bundle oberdiek, subset generic (HO)
Package: hobsub 2012/04/25 v1.12 Construct package bundles (HO)
Package hobsub Info: Skipping package `infwarerr' (already loaded).
Package hobsub Info: Skipping package `ltxcmds' (already loaded).
Package hobsub Info: Skipping package `ifluatex' (already loaded).
Package: ifvtex 2010/03/01 v1.5 Detect VTeX and its facilities (HO)
Package ifvtex Info: VTeX not detected.
Package: intcalc 2007/09/27 v1.1 Expandable calculations with integers (HO)
Package hobsub Info: Skipping package `ifpdf' (already loaded).
Package hobsub Info: Skipping package `etexcmds' (already loaded).
Package hobsub Info: Skipping package `kvsetkeys' (already loaded).
Package hobsub Info: Skipping package `kvdefinekeys' (already loaded).
Package hobsub Info: Skipping package `pdftexcmds' (already loaded).
Package: pdfescape 2011/11/25 v1.13 Implements pdfTeX's escape features (HO)
Package: bigintcalc 2012/04/08 v1.3 Expandable calculations on big integers (HO
)
Package: bitset 2011/01/30 v1.1 Handle bit-vector datatype (HO)
Package: uniquecounter 2011/01/30 v1.2 Provide unlimited unique counter (HO)
)
Package hobsub Info: Skipping package `hobsub' (already loaded).
Package: letltxmacro 2010/09/02 v1.4 Let assignment for LaTeX macros (HO)
Package: hopatch 2011/06/24 v1.1 Wrapper for package hooks (HO)
Package: xcolor-patch 2011/01/30 xcolor patch
Package: atveryend 2011/06/30 v1.8 Hooks at the very end of document (HO)
Package: atbegshi 2011/10/05 v1.16 At begin shipout hook (HO)
Package: refcount 2011/10/16 v3.4 Data extraction from label references (HO)
Package: hycolor 2011/01/30 v1.7 Color options for hyperref/bookmark (HO)
)
(C:\TEX\MiKTeX\tex\generic\ifxetex\ifxetex.sty
Package: ifxetex 2010/09/12 v0.6 Provides ifxetex conditional
)
(C:\TEX\MiKTeX\tex\latex\oberdiek\auxhook.sty
Package: auxhook 2011/03/04 v1.3 Hooks for auxiliary files (HO)
)
\@linkdim=\dimen133
\Hy@linkcounter=\count228
\Hy@pagecounter=\count229

(C:\TEX\MiKTeX\tex\latex\hyperref\pd1enc.def
File: pd1enc.def 2012/11/06 v6.83m Hyperref: PDFDocEncoding definition (HO)
)
\Hy@SavedSpaceFactor=\count230

(C:\TEX\MiKTeX\tex\latex\00miktex\hyperref.cfg
File: hyperref.cfg 2002/06/06 v1.2 hyperref configuration of TeXLive
)
Package hyperref Info: Hyper figures OFF on input line 4443.
Package hyperref Info: Link nesting OFF on input line 4448.
Package hyperref Info: Hyper index ON on input line 4451.
Package hyperref Info: Plain pages OFF on input line 4458.
Package hyperref Info: Backreferencing OFF on input line 4463.
Package hyperref Info: Implicit mode ON; LaTeX internals redefined.
Package hyperref Info: Bookmarks ON on input line 4688.
\c@Hy@tempcnt=\count231
LaTeX Info: Redefining \url on input line 5041.
\XeTeXLinkMargin=\dimen134
\Fld@menulength=\count232
\Field@Width=\dimen135
\Fld@charsize=\dimen136
Package hyperref Info: Hyper figures OFF on input line 6295.
Package hyperref Info: Link nesting OFF on input line 6300.
Package hyperref Info: Hyper index ON on input line 6303.
Package hyperref Info: backreferencing OFF on input line 6310.
Package hyperref Info: Link coloring OFF on input line 6315.
Package hyperref Info: Link coloring with OCG OFF on input line 6320.
Package hyperref Info: PDF/A mode OFF on input line 6325.
LaTeX Info: Redefining \ref on input line 6365.
LaTeX Info: Redefining \pageref on input line 6369.
\Hy@abspage=\count233
Normal \count register pool exhausted, switching to extended pool.
\c@Item=\count277
\c@Hfootnote=\count278
)

Package hyperref Message: Driver (autodetected): hpdftex.

(C:\TEX\MiKTeX\tex\latex\hyperref\hpdftex.def
File: hpdftex.def 2012/11/06 v6.83m Hyperref driver for pdfTeX
\Fld@listcount=\count279
\c@bookmark@seq@number=\count280

(C:\TEX\MiKTeX\tex\latex\oberdiek\rerunfilecheck.sty
Package: rerunfilecheck 2011/04/15 v1.7 Rerun checks for auxiliary files (HO)
Package uniquecounter Info: New unique counter `rerunfilecheck' on input line 2
82.
)
\Hy@SectionHShift=\skip72
)
(C:\TEX\MiKTeX\tex\latex\siunitx\siunitx.sty
(C:\TEX\MiKTeX\tex\latex\l3kernel\expl3.sty
(C:\TEX\MiKTeX\tex\latex\l3kernel\l3names.sty
(C:\TEX\MiKTeX\tex\latex\l3kernel\l3bootstrap.sty
Package: l3bootstrap 2013/07/28 v4581 L3 Experimental bootstrap code
)
Package: l3names 2012/12/07 v4346 L3 Namespace for primitives
)
Package: expl3 2013/07/28 v4582 L3 Experimental code bundle wrapper

(C:\TEX\MiKTeX\tex\latex\l3kernel\l3basics.sty
Package: l3basics 2013/07/28 v4581 L3 Basic definitions
)
(C:\TEX\MiKTeX\tex\latex\l3kernel\l3expan.sty
Package: l3expan 2013/07/24 v4565 L3 Argument expansion
)
(C:\TEX\MiKTeX\tex\latex\l3kernel\l3tl.sty
Package: l3tl 2013/07/28 v4581 L3 Token lists
)
(C:\TEX\MiKTeX\tex\latex\l3kernel\l3seq.sty
Package: l3seq 2013/07/28 v4581 L3 Sequences and stacks
)
(C:\TEX\MiKTeX\tex\latex\l3kernel\l3int.sty
Package: l3int 2013/07/28 v4581 L3 Integers
\c_max_int=\count281
\l_tmpa_int=\count282
\l_tmpb_int=\count283
\g_tmpa_int=\count284
\g_tmpb_int=\count285
)
(C:\TEX\MiKTeX\tex\latex\l3kernel\l3quark.sty
Package: l3quark 2013/07/21 v4564 L3 Quarks
)
(C:\TEX\MiKTeX\tex\latex\l3kernel\l3prg.sty
Package: l3prg 2013/07/28 v4581 L3 Control structures
\g__prg_map_int=\count286
)
(C:\TEX\MiKTeX\tex\latex\l3kernel\l3clist.sty
Package: l3clist 2013/07/28 v4581 L3 Comma separated lists
)
(C:\TEX\MiKTeX\tex\latex\l3kernel\l3token.sty
Package: l3token 2013/07/28 v4581 L3 Experimental token manipulation
)
(C:\TEX\MiKTeX\tex\latex\l3kernel\l3prop.sty
Package: l3prop 2013/07/28 v4581 L3 Property lists
)
(C:\TEX\MiKTeX\tex\latex\l3kernel\l3msg.sty
Package: l3msg 2013/07/28 v4581 L3 Messages
)
(C:\TEX\MiKTeX\tex\latex\l3kernel\l3file.sty
Package: l3file 2013/07/28 v4581 L3 File and I/O operations
\l_iow_line_count_int=\count287
\l__iow_target_count_int=\count288
\l__iow_current_line_int=\count289
\l__iow_current_word_int=\count290
\l__iow_current_indentation_int=\count291
)
(C:\TEX\MiKTeX\tex\latex\l3kernel\l3skip.sty
Package: l3skip 2013/07/28 v4581 L3 Dimensions and skips
\c_zero_dim=\dimen137
\c_max_dim=\dimen138
\l_tmpa_dim=\dimen139
\l_tmpb_dim=\dimen140
\g_tmpa_dim=\dimen141
\g_tmpb_dim=\dimen142
\c_zero_skip=\skip73
\c_max_skip=\skip74
\l_tmpa_skip=\skip75
\l_tmpb_skip=\skip76
\g_tmpa_skip=\skip77
\g_tmpb_skip=\skip78
\c_zero_muskip=\muskip12
\c_max_muskip=\muskip13
\l_tmpa_muskip=\muskip14
\l_tmpb_muskip=\muskip15
\g_tmpa_muskip=\muskip16
\g_tmpb_muskip=\muskip17
)
(C:\TEX\MiKTeX\tex\latex\l3kernel\l3keys.sty
Package: l3keys 2013/07/28 v4581 L3 Experimental key-value interfaces
\g__keyval_level_int=\count292
\l_keys_choice_int=\count293
)
(C:\TEX\MiKTeX\tex\latex\l3kernel\l3fp.sty
Package: l3fp 2013/07/09 v4521 L3 Floating points
\c__fp_leading_shift_int=\count294
\c__fp_middle_shift_int=\count295
\c__fp_trailing_shift_int=\count296
\c__fp_big_leading_shift_int=\count297
\c__fp_big_middle_shift_int=\count298
\c__fp_big_trailing_shift_int=\count299
\c__fp_Bigg_leading_shift_int=\count300
\c__fp_Bigg_middle_shift_int=\count301
\c__fp_Bigg_trailing_shift_int=\count302
)
(C:\TEX\MiKTeX\tex\latex\l3kernel\l3box.sty
Package: l3box 2013/07/28 v4581 L3 Experimental boxes
\c_empty_box=\box30
\l_tmpa_box=\box31
\l_tmpb_box=\box32
\g_tmpa_box=\box33
\g_tmpb_box=\box34
)
(C:\TEX\MiKTeX\tex\latex\l3kernel\l3coffins.sty
Package: l3coffins 2012/09/09 v4212 L3 Coffin code layer
\l__coffin_internal_box=\box35
\l__coffin_internal_dim=\dimen143
\l__coffin_offset_x_dim=\dimen144
\l__coffin_offset_y_dim=\dimen145
\l__coffin_x_dim=\dimen146
\l__coffin_y_dim=\dimen147
\l__coffin_x_prime_dim=\dimen148
\l__coffin_y_prime_dim=\dimen149
\c_empty_coffin=\box36
\l__coffin_aligned_coffin=\box37
\l__coffin_aligned_internal_coffin=\box38
\l_tmpa_coffin=\box39
\l_tmpb_coffin=\box40
\l__coffin_display_coffin=\box41
\l__coffin_display_coord_coffin=\box42
\l__coffin_display_pole_coffin=\box43
\l__coffin_display_offset_dim=\dimen150
\l__coffin_display_x_dim=\dimen151
\l__coffin_display_y_dim=\dimen152
)
(C:\TEX\MiKTeX\tex\latex\l3kernel\l3color.sty
Package: l3color 2012/08/29 v4156 L3 Experimental color support
)
(C:\TEX\MiKTeX\tex\latex\l3kernel\l3luatex.sty
Package: l3luatex 2013/07/28 v4581 L3 Experimental LuaTeX-specific functions
\g__cctab_allocate_int=\count303
\g__cctab_stack_int=\count304
)
(C:\TEX\MiKTeX\tex\latex\l3kernel\l3candidates.sty
Package: l3candidates 2013/07/24 v4576 L3 Experimental additions to l3kernel
\l__box_top_dim=\dimen153
\l__box_bottom_dim=\dimen154
\l__box_left_dim=\dimen155
\l__box_right_dim=\dimen156
\l__box_top_new_dim=\dimen157
\l__box_bottom_new_dim=\dimen158
\l__box_left_new_dim=\dimen159
\l__box_right_new_dim=\dimen160
\l__box_internal_box=\box44
\l__coffin_bounding_shift_dim=\dimen161
\l__coffin_left_corner_dim=\dimen162
\l__coffin_right_corner_dim=\dimen163
\l__coffin_bottom_corner_dim=\dimen164
\l__coffin_top_corner_dim=\dimen165
\l__coffin_scaled_total_height_dim=\dimen166
\l__coffin_scaled_width_dim=\dimen167
))
(C:\TEX\MiKTeX\tex\latex\l3packages\xparse\xparse.sty
Package: xparse 2013/07/28 v4582 L3 Experimental document command parser
\l__xparse_current_arg_int=\count305
\l__xparse_m_args_int=\count306
\l__xparse_mandatory_args_int=\count307
\l__xparse_processor_int=\count308
\l__xparse_v_nesting_int=\count309
)
Package: siunitx 2013/07/11 v2.5r A comprehensive (SI) units package

(C:\TEX\MiKTeX\tex\latex\l3packages\l3keys2e\l3keys2e.sty
Package: l3keys2e 2013/07/28 v4582 LaTeX2e option processing using LaTeX3 keys
)
Variant \tl_if_blank:VTF already defined; not changing it on line 50
\l__siunitx_tmp_box=\box45
\l__siunitx_tmp_dim=\dimen168
\l__siunitx_tmp_int=\count310
Variant \prop_get:NVNT already defined; not changing it on line 371
Variant \prop_get:NVNF already defined; not changing it on line 372
Variant \prop_get:NVNTF already defined; not changing it on line 373
\l__siunitx_number_mantissa_length_int=\count311
\l__siunitx_number_uncert_length_int=\count312
\l__siunitx_round_int=\count313
\l__siunitx_process_decimal_int=\count314
\l__siunitx_process_uncertainty_int=\count315
\l__siunitx_process_fixed_int=\count316
\l__siunitx_process_integer_min_int=\count317
\l__siunitx_process_precision_int=\count318
\l__siunitx_group_min_int=\count319
\l__siunitx_angle_marker_box=\box46
\l__siunitx_angle_unit_box=\box47
\l__siunitx_angle_marker_dim=\dimen169
\l__siunitx_angle_unit_dim=\dimen170
\l__siunitx_unit_int=\count320
\l__siunitx_unit_denominator_int=\count321
\l__siunitx_unit_numerator_int=\count322
\l__siunitx_unit_prefix_int=\count323
\l__siunitx_unit_prefix_base_int=\count324
\l__siunitx_unit_prefix_gram_int=\count325
\l__siunitx_number_product_int=\count326
\c__siunitx_one_fill_skip=\skip79
\l__siunitx_table_unit_align_skip=\skip80
\l__siunitx_table_exponent_dim=\dimen171
\l__siunitx_table_integer_dim=\dimen172
\l__siunitx_table_mantissa_dim=\dimen173
\l__siunitx_table_marker_dim=\dimen174
\l__siunitx_table_result_dim=\dimen175
\l__siunitx_table_uncert_dim=\dimen176
\l__siunitx_table_fill_pre_dim=\dimen177
\l__siunitx_table_fill_post_dim=\dimen178
\l__siunitx_table_fill_mid_dim=\dimen179
\l__siunitx_table_pre_box=\box48
\l__siunitx_table_post_box=\box49
\l__siunitx_table_mantissa_box=\box50
\l__siunitx_table_result_box=\box51
\l__siunitx_table_number_align_skip=\skip81
\l__siunitx_table_text_align_skip=\skip82
.................................................
. LaTeX info: "xparse/define-command"
. 
. Defining document command \DeclareBinaryPrefix with arg. spec. 'mmm' on line
. 7101.
.................................................
.................................................
. LaTeX info: "xparse/define-command"
. 
. Defining document command \DeclareSIPostPower with arg. spec. 'mm' on line
. 7104.
.................................................
.................................................
. LaTeX info: "xparse/define-command"
. 
. Defining document command \DeclareSIPrefix with arg. spec. 'mmm' on line
. 7107.
.................................................
.................................................
. LaTeX info: "xparse/define-command"
. 
. Defining document command \DeclareSIPrePower with arg. spec. 'mm' on line
. 7110.
.................................................
.................................................
. LaTeX info: "xparse/define-command"
. 
. Defining document command \DeclareSIQualifier with arg. spec. 'mm' on line
. 7113.
.................................................
.................................................
. LaTeX info: "xparse/define-command"
. 
. Defining document command \DeclareSIUnit with arg. spec. 'O{}mm' on line
. 7116.
.................................................
.................................................
. LaTeX info: "xparse/define-command"
. 
. Defining document command \DeclareSIUnitWithOptions with arg. spec. 'mmm' on
. line 7119.
.................................................
.................................................
. LaTeX info: "xparse/define-command"
. 
. Defining document command \ang with arg. spec. 'o>{\SplitArgument {2}{;}}m'
. on line 7134.
.................................................
.................................................
. LaTeX info: "xparse/define-command"
. 
. Defining document command \num with arg. spec. 'om' on line 7142.
.................................................
.................................................
. LaTeX info: "xparse/define-command"
. 
. Defining document command \numlist with arg. spec. 'o>{\SplitList {;}}m' on
. line 7150.
.................................................
.................................................
. LaTeX info: "xparse/define-command"
. 
. Defining document command \numrange with arg. spec. 'omm' on line 7158.
.................................................
.................................................
. LaTeX info: "xparse/define-command"
. 
. Defining document command \SIlist with arg. spec. 'o>{\SplitList {;}}mm' on
. line 7169.
.................................................
.................................................
. LaTeX info: "xparse/define-command"
. 
. Defining document command \SIrange with arg. spec. 'ommm' on line 7180.
.................................................
.................................................
. LaTeX info: "xparse/define-command"
. 
. Defining document command \SI with arg. spec. 'omom' on line 7191.
.................................................
.................................................
. LaTeX info: "xparse/define-command"
. 
. Defining document command \sisetup with arg. spec. 'm' on line 7194.
.................................................
.................................................
. LaTeX info: "xparse/define-command"
. 
. Defining document command \tablenum with arg. spec. 'om' on line 7206.
.................................................
.................................................
. LaTeX info: "xparse/define-command"
. 
. Defining document command \si with arg. spec. 'om' on line 7217.
.................................................
.................................................
. LaTeX info: "xparse/define-command"
. 
. Defining document command \__siunitx_bookmark_num:w with arg. spec. 'om' on
. line 7262.
.................................................
.................................................
. LaTeX info: "xparse/define-command"
. 
. Defining document command \__siunitx_bookmark_numrange:w with arg. spec.
. 'omm' on line 7264.
.................................................
.................................................
. LaTeX info: "xparse/define-command"
. 
. Defining document command \__siunitx_bookmark_SI:w with arg. spec. 'omom' on
. line 7266.
.................................................
.................................................
. LaTeX info: "xparse/define-command"
. 
. Defining document command \__siunitx_bookmark_SIlist:w with arg. spec. 'omm'
. on line 7268.
.................................................
.................................................
. LaTeX info: "xparse/define-command"
. 
. Defining document command \__siunitx_bookmark_SIrange:w with arg. spec.
. 'ommm' on line 7270.
.................................................
.................................................
. LaTeX info: "xparse/define-command"
. 
. Defining document command \__siunitx_bookmark_si:w with arg. spec. 'om' on
. line 7271.
.................................................
\g__file_internal_ior=\read2

(C:\TEX\MiKTeX\tex\latex\beamer\base\translator\translator.sty
Package: translator 2010/06/12 ver 1.10

(C:\TEX\MiKTeX\tex\latex\beamer\base\translator\translator-language-mappings.te
x))) (C:\TEX\MiKTeX\tex\latex\glossaries\base\glossaries.sty
Package: glossaries 2013/07/05 v3.07 (NLCT)

(C:\TEX\MiKTeX\tex\latex\glossaries\base\mfirstuc.sty
Package: mfirstuc 2012/05/21 v1.06 (NLCT)
\@glsmfirst=\toks24
\@glsmrest=\toks25
)
(C:\TEX\MiKTeX\tex\latex\xfor\xfor.sty
Package: xfor 2009/02/05 v1.05 (NLCT)
)
(C:\TEX\MiKTeX\tex\latex\datatool\datatool-base.sty
Package: datatool-base 2013/06/28 v2.14 (NLCT)

(C:\TEX\MiKTeX\tex\latex\substr\substr.sty
Package: substr 2009/10/20 v1.2 Handle substrings
\c@su@anzahl=\count327
)
(C:\TEX\MiKTeX\tex\latex\datatool\datatool-fp.sty
Package: datatool-fp 2013/06/28 v2.14 (NLCT)

(C:\TEX\MiKTeX\tex\latex\fp\fp.sty
Package: fp 1995/04/02

`Fixed Point Package', Version 0.8, April 2, 1995 (C) Michael Mehlich
(C:\TEX\MiKTeX\tex\latex\fp\defpattern.sty
Package: defpattern 1994/10/12
\actioncount=\count328
)
(C:\TEX\MiKTeX\tex\latex\fp\fp-basic.sty
Package: fp-basic 1996/05/13
\FP@xs=\count329
\FP@xia=\count330
\FP@xib=\count331
\FP@xfa=\count332
\FP@xfb=\count333
\FP@rega=\count334
\FP@regb=\count335
\FP@regs=\count336
\FP@times=\count337
)
(C:\TEX\MiKTeX\tex\latex\fp\fp-addons.sty
Package: fp-addons 1995/03/15
)
(C:\TEX\MiKTeX\tex\latex\fp\fp-snap.sty
Package: fp-snap 1995/04/05
) (C:\TEX\MiKTeX\tex\latex\fp\fp-exp.sty
Package: fp-exp 1995/04/03
) (C:\TEX\MiKTeX\tex\latex\fp\fp-trigo.sty
Package: fp-trigo 1995/04/14
)
(C:\TEX\MiKTeX\tex\latex\fp\fp-pas.sty
Package: fp-pas 1994/08/29
)
(C:\TEX\MiKTeX\tex\latex\fp\fp-random.sty
Package: fp-random 1995/02/23
\FPseed=\count338
)
(C:\TEX\MiKTeX\tex\latex\fp\fp-eqn.sty
Package: fp-eqn 1995/04/03
) (C:\TEX\MiKTeX\tex\latex\fp\fp-upn.sty
Package: fp-upn 1996/10/21
) (C:\TEX\MiKTeX\tex\latex\fp\fp-eval.sty
Package: fp-eval 1995/04/03
)))
\@dtl@toks=\toks26
\@dtl@tmpcount=\count339
\dtl@tmplength=\skip83
\dtl@sortresult=\count340
\@dtl@numgrpsepcount=\count341
\@dtl@datatype=\count342
\dtl@codeA=\count343
\dtl@codeB=\count344
\@dtl@foreach@level=\count345
)
\gls@level=\count346
\@gls@tmpb=\toks27
\gls@tmplen=\skip84
\glswrite=\write5
\glskeylisttok=\toks28
\glslabeltok=\toks29
\glsshorttok=\toks30
\glslongtok=\toks31

(C:\TEX\MiKTeX\tex\latex\glossaries\styles\glossary-hypernav.sty
Package: glossary-hypernav 2007/07/04 v1.01 (NLCT)
)
(C:\TEX\MiKTeX\tex\latex\glossaries\styles\glossary-list.sty
Package: glossary-list 2012/11/11 v3.04 (NLCT)
\glslistdottedwidth=\skip85
)
(C:\TEX\MiKTeX\tex\latex\glossaries\styles\glossary-long.sty
Package: glossary-long 2012/09/21 v3.03 (NLCT)

(C:\TEX\MiKTeX\tex\latex\tools\longtable.sty
Package: longtable 2004/02/01 v4.11 Multi-page Table package (DPC)
\LTleft=\skip86
\LTright=\skip87
\LTpre=\skip88
\LTpost=\skip89
\LTchunksize=\count347
\LTcapwidth=\dimen180
\LT@head=\box52
\LT@firsthead=\box53
\LT@foot=\box54
\LT@lastfoot=\box55
\LT@cols=\count348
\LT@rows=\count349
\c@LT@tables=\count350
\c@LT@chunks=\count351
\LT@p@ftn=\toks32
)
\glsdescwidth=\skip90
\glspagelistwidth=\skip91
)
(C:\TEX\MiKTeX\tex\latex\glossaries\styles\glossary-super.sty
Package: glossary-super 2012/09/21 v3.03 (NLCT)

(C:\TEX\MiKTeX\tex\latex\supertabular\supertabular.sty
Package: supertabular 2004/02/20 v4.1e the supertabular environment
\c@tracingst=\count352
\ST@wd=\dimen181
\ST@rightskip=\skip92
\ST@leftskip=\skip93
\ST@parfillskip=\skip94
\ST@pageleft=\dimen182
\ST@headht=\dimen183
\ST@tailht=\dimen184
\ST@pagesofar=\dimen185
\ST@pboxht=\dimen186
\ST@lineht=\dimen187
\ST@stretchht=\dimen188
\ST@prevht=\dimen189
\ST@toadd=\dimen190
\ST@dimen=\dimen191
\ST@pbox=\box56
))
(C:\TEX\MiKTeX\tex\latex\glossaries\styles\glossary-tree.sty
Package: glossary-tree 2012/09/21 v3.03 (NLCT)
\glstreeindent=\skip95
))
\glo@main@file=\write6
Package glossaries Info: Writing glossary file MEngProject.glo on input line 13
.
\glo@acronym@file=\write7
Package glossaries Info: Writing glossary file MEngProject.acn on input line 13
.

(C:\TEX\MiKTeX\tex\latex\tools\xspace.sty
Package: xspace 2009/10/20 v1.13 Space after command names (DPC,MH)
)
Package biblatex Info: Trying to load language 'english'...
Package biblatex Info: ... file 'english.lbx' found.

(C:\TEX\MiKTeX\tex\latex\biblatex\lbx\english.lbx
File: english.lbx 2013/07/15 v2.7a biblatex localization (PK/JW/AB)
)
\@quotelevel=\count353
\@quotereset=\count354


LaTeX Warning: Unused global option(s):
    [dvips].


("\\userfs\ac1054\w2k\4TH YEAR\Final Project\AFinal Report\MEngReport\MEngProje
ct.aux"
("\\userfs\ac1054\w2k\4TH YEAR\Final Project\AFinal Report\MEngReport\Abstract/
abstract.aux")
("\\userfs\ac1054\w2k\4TH YEAR\Final Project\AFinal Report\MEngReport\Chapter1/
chapter1.aux"

LaTeX Warning: Label `fig:missionplanner' multiply defined.

)
("\\userfs\ac1054\w2k\4TH YEAR\Final Project\AFinal Report\MEngReport\Chapter2/
chapter2.aux")
("\\userfs\ac1054\w2k\4TH YEAR\Final Project\AFinal Report\MEngReport\Chapter3/
chapter3.aux")
("\\userfs\ac1054\w2k\4TH YEAR\Final Project\AFinal Report\MEngReport\Chapter4/
chapter4.aux")
("\\userfs\ac1054\w2k\4TH YEAR\Final Project\AFinal Report\MEngReport\Chapter5/
chapter5.aux")
("\\userfs\ac1054\w2k\4TH YEAR\Final Project\AFinal Report\MEngReport\Chapter6/
chapter6.aux")
("\\userfs\ac1054\w2k\4TH YEAR\Final Project\AFinal Report\MEngReport\Chapter7/
chapter7.aux"))
LaTeX Font Info:    Checking defaults for OML/cmm/m/it on input line 29.
LaTeX Font Info:    ... okay on input line 29.
LaTeX Font Info:    Checking defaults for T1/cmr/m/n on input line 29.
LaTeX Font Info:    ... okay on input line 29.
LaTeX Font Info:    Checking defaults for OT1/cmr/m/n on input line 29.
LaTeX Font Info:    ... okay on input line 29.
LaTeX Font Info:    Checking defaults for OMS/cmsy/m/n on input line 29.
LaTeX Font Info:    ... okay on input line 29.
LaTeX Font Info:    Checking defaults for OMX/cmex/m/n on input line 29.
LaTeX Font Info:    ... okay on input line 29.
LaTeX Font Info:    Checking defaults for U/cmr/m/n on input line 29.
LaTeX Font Info:    ... okay on input line 29.
LaTeX Font Info:    Checking defaults for PD1/pdf/m/n on input line 29.
LaTeX Font Info:    ... okay on input line 29.
Package minitoc(hints) Info: I0049
(minitoc(hints))             ==> You requested the hints option. 
(minitoc(hints))             Some hints are eventually given below.


Package minitoc(hints) Warning: W0030
(minitoc(hints))                --- The \part command is altered 
(minitoc(hints))                after minitoc.


Package minitoc(hints) Warning: W0023
(minitoc(hints))                --- It may be the consequence 
(minitoc(hints))                of loading the ``hyperref'' package.


Package minitoc(hints) Warning: W0028
(minitoc(hints))                --- The \chapter command is altered 
(minitoc(hints))                after minitoc.


Package minitoc(hints) Warning: W0023
(minitoc(hints))                --- It may be the consequence 
(minitoc(hints))                of loading the ``hyperref'' package.

(C:\TEX\MiKTeX\tex\context\base\supp-pdf.mkii
[Loading MPS to PDF converter (version 2006.09.02).]
\scratchcounter=\count355
\scratchdimen=\dimen192
\scratchbox=\box57
\nofMPsegments=\count356
\nofMParguments=\count357
\everyMPshowfont=\toks33
\MPscratchCnt=\count358
\MPscratchDim=\dimen193
\MPnumerator=\count359
\makeMPintoPDFobject=\count360
\everyMPtoPDFconversion=\toks34
)
Package minitoc Info: I0024
(minitoc)             PREPARING MINITOCS FROM MEngProject.toc on input line 29.

Package minitoc Info: I0033
(minitoc)             Writing MEngProject.mtc1.
Package minitoc Info: I0033
(minitoc)             Writing MEngProject.mtc2.
Package minitoc Info: I0033
(minitoc)             Writing MEngProject.mtc3.
Package minitoc Info: I0033
(minitoc)             Writing MEngProject.mtc4.
Package minitoc Info: I0033
(minitoc)             Writing MEngProject.mtc5.
Package minitoc Info: I0033
(minitoc)             Writing MEngProject.mtc6.
Package minitoc Info: I0033
(minitoc)             Writing MEngProject.mtc7.
Package minitoc Info: I0033
(minitoc)             Writing MEngProject.mtc8.
Package minitoc Info: I0033
(minitoc)             Writing MEngProject.mtc9.
Package minitoc Info: I0033
(minitoc)             Writing MEngProject.mtc10.
Package minitoc Info: I0033
(minitoc)             Writing MEngProject.mtc11.
Package minitoc Info: I0034
(minitoc)             PREPARING MINILOFS FROM MEngProject.lof on input line 29.

Package minitoc Info: I0033
(minitoc)             Writing MEngProject.mlf1.
Package minitoc Info: I0033
(minitoc)             Writing MEngProject.mlf2.
Package minitoc Info: I0033
(minitoc)             Writing MEngProject.mlf3.
Package minitoc Info: I0033
(minitoc)             Writing MEngProject.mlf4.
Package minitoc Info: I0033
(minitoc)             Writing MEngProject.mlf5.
Package minitoc Info: I0033
(minitoc)             Writing MEngProject.mlf6.
Package minitoc Info: I0033
(minitoc)             Writing MEngProject.mlf7.
Package minitoc Info: I0033
(minitoc)             Writing MEngProject.mlf8.
Package minitoc Info: I0033
(minitoc)             Writing MEngProject.mlf9.
Package minitoc Info: I0033
(minitoc)             Writing MEngProject.mlf10.
Package minitoc Info: I0033
(minitoc)             Writing MEngProject.mlf11.
Package minitoc Info: I0037
(minitoc)             PREPARING MINILOTS FROM MEngProject.lot on input line 29.

Package minitoc Info: I0033
(minitoc)             Writing MEngProject.mlt1.
Package minitoc Info: I0033
(minitoc)             Writing MEngProject.mlt2.
Package minitoc Info: I0033
(minitoc)             Writing MEngProject.mlt3.
Package minitoc Info: I0033
(minitoc)             Writing MEngProject.mlt4.
Package minitoc Info: I0033
(minitoc)             Writing MEngProject.mlt5.
Package minitoc Info: I0033
(minitoc)             Writing MEngProject.mlt6.
Package minitoc Info: I0033
(minitoc)             Writing MEngProject.mlt7.
Package minitoc Info: I0033
(minitoc)             Writing MEngProject.mlt8.
Package minitoc Info: I0033
(minitoc)             Writing MEngProject.mlt9.
Package minitoc Info: I0033
(minitoc)             Writing MEngProject.mlt10.
Package minitoc Info: I0033
(minitoc)             Writing MEngProject.mlt11.
\@nomenclaturefile=\write8

Writing nomenclature file MEngProject.nlo
Package biblatex Info: No input encoding detected.
(biblatex)             Assuming 'ascii'.
Package biblatex Info: Automatic encoding selection.
(biblatex)             Assuming data encoding 'ascii'.
Package biblatex Info: Trying to load bibliographic data...
Package biblatex Info: ... file 'MEngProject.bbl' not found.
No file MEngProject.bbl.
Package biblatex Info: Reference section=0 on input line 29.
Package biblatex Info: Reference segment=0 on input line 29.
LaTeX Info: Redefining \celsius on input line 29.
Package gensymb Info: Faking symbols for \degree and \celsius on input line 29.


Package gensymb Warning: Not defining \perthousand.

LaTeX Info: Redefining \ohm on input line 29.
Package gensymb Info: Using \Omega for \ohm on input line 29.

Package gensymb Warning: Not defining \micro.

\AtBeginShipoutBox=\box58
Package hyperref Info: Link coloring OFF on input line 29.
(C:\TEX\MiKTeX\tex\latex\hyperref\nameref.sty
Package: nameref 2012/10/27 v2.43 Cross-referencing by name of section

(C:\TEX\MiKTeX\tex\generic\oberdiek\gettitlestring.sty
Package: gettitlestring 2010/12/03 v1.4 Cleanup title references (HO)
)
\c@section@level=\count361
)
LaTeX Info: Redefining \ref on input line 29.
LaTeX Info: Redefining \pageref on input line 29.
LaTeX Info: Redefining \nameref on input line 29.

("\\userfs\ac1054\w2k\4TH YEAR\Final Project\AFinal Report\MEngReport\MEngProje
ct.out")
("\\userfs\ac1054\w2k\4TH YEAR\Final Project\AFinal Report\MEngReport\MEngProje
ct.out")
\@outlinefile=\write9

(C:\TEX\MiKTeX\tex\latex\beamer\base\translator\dicts\translator-basic-dictiona
ry\translator-basic-dictionary-English.dict
Dictionary: translator-basic-dictionary, Language: English 
)
(C:\TEX\MiKTeX\tex\latex\glossaries\dict\glossaries-dictionary-English.dict
Dictionary: glossaries-dictionary, Language: English 
)
(C:\TEX\MiKTeX\tex\latex\siunitx\config\siunitx-abbreviations.cfg
File: siunitx-abbreviations.cfg 2013/07/11 v2.5r siunitx: Abbreviated units
)
\c__siunitx_mathsf_int=\count362
LaTeX Font Info:    External font `cmex10' loaded for size
(Font)              <10.95> on input line 29.
LaTeX Font Info:    External font `cmex10' loaded for size
(Font)              <8> on input line 29.
LaTeX Font Info:    External font `cmex10' loaded for size
(Font)              <6> on input line 29.
\c__siunitx_mathtt_int=\count363

<uoy_logo.png, id=115, 1947.48631pt x 748.37486pt>
File: uoy_logo.png Graphic file (type png)
 <use uoy_logo.png>
Package pdftex.def Info: uoy_logo.png used on input line 39.
(pdftex.def)             Requested size: 176.40439pt x 67.78476pt.


LaTeX Font Warning: Font shape `OT1/cmr/bx/n' in size <22> not available
(Font)              size <20.74> substituted on input line 39.

[1

{C:/ProgramData/MiKTeX/2.9/pdftex/config/pdftex.map} <//userfs/ac1054/w2k/4TH Y
EAR/Final Project/AFinal Report/MEngReport/uoy_logo.png (PNG copy)>]

LaTeX Font Warning: Font shape `OT1/cmr/bx/n' in size <29.88> not available
(Font)              size <24.88> substituted on input line 39.

File: uoy_logo.png Graphic file (type png)
<use uoy_logo.png>
Package pdftex.def Info: uoy_logo.png used on input line 39.
(pdftex.def)             Requested size: 198.45662pt x 76.25786pt.
\c@temp@FMsnd=\count364
 [2]
Package minitoc Info: I0006
(minitoc)             MEngProject.mtc1 is empty on input line 45.
 [3

]
Package minitoc Info: I0006
(minitoc)             MEngProject.mtc2 is empty on input line 51.
 [4

]
("\\userfs\ac1054\w2k\4TH YEAR\Final Project\AFinal Report\MEngReport\Abstract/
abstract.tex") [5


]
("\\userfs\ac1054\w2k\4TH YEAR\Final Project\AFinal Report\MEngReport\MEngProje
ct.toc" [6


])
\tf@toc=\write10
 [7]
("\\userfs\ac1054\w2k\4TH YEAR\Final Project\AFinal Report\MEngReport\MEngProje
ct.lof")
\tf@lof=\write11
 [8

]
("\\userfs\ac1054\w2k\4TH YEAR\Final Project\AFinal Report\MEngReport\MEngProje
ct.lot")
\tf@lot=\write12
\c@temp@MMsnd=\count365
 [9

]
("\\userfs\ac1054\w2k\4TH YEAR\Final Project\AFinal Report\MEngReport\Chapter1/
chapter1.tex"
Chapter 1.
[10


] <Chapter1/Figs/Raster/SimpleLawnmower.png, id=208, 586.19pt x 538.01pt>
File: Chapter1/Figs/Raster/SimpleLawnmower.png Graphic file (type png)

<use Chapter1/Figs/Raster/SimpleLawnmower.png>
Package pdftex.def Info: Chapter1/Figs/Raster/SimpleLawnmower.png used on input
 line 43.
(pdftex.def)             Requested size: 206.5691pt x 189.58698pt.

<Chapter1/Figs/Raster/SimpleSpiral.png, id=210, 562.1pt x 531.586pt>
File: Chapter1/Figs/Raster/SimpleSpiral.png Graphic file (type png)

<use Chapter1/Figs/Raster/SimpleSpiral.png>
Package pdftex.def Info: Chapter1/Figs/Raster/SimpleSpiral.png used on input li
ne 50.
(pdftex.def)             Requested size: 206.5691pt x 195.35347pt.
 [11] [12 <//userfs/ac1054/w2k/4TH YEAR/Final Project/AFinal Report/MEngReport/
Chapter1/Figs/Raster/SimpleLawnmower.png> <//userfs/ac1054/w2k/4TH YEAR/Final P
roject/AFinal Report/MEngReport/Chapter1/Figs/Raster/SimpleSpiral.png>]
<Chapter1/Figs/Raster/ImagingLawnmower.png, id=225, 562.1pt x 529.177pt>
File: Chapter1/Figs/Raster/ImagingLawnmower.png Graphic file (type png)

<use Chapter1/Figs/Raster/ImagingLawnmower.png>
Package pdftex.def Info: Chapter1/Figs/Raster/ImagingLawnmower.png used on inpu
t line 61.
(pdftex.def)             Requested size: 206.5691pt x 194.46819pt.
LaTeX Font Info:    Try loading font information for OMS+cmr on input line 70.

(C:\TEX\MiKTeX\tex\latex\base\omscmr.fd
File: omscmr.fd 1999/05/25 v2.5h Standard LaTeX font definitions
)
LaTeX Font Info:    Font shape `OMS/cmr/m/n' in size <10.95> not available
(Font)              Font shape `OMS/cmsy/m/n' tried instead on input line 70.
 [13 <//userfs/ac1054/w2k/4TH YEAR/Final Project/AFinal Report/MEngReport/Chapt
er1/Figs/Raster/ImagingLawnmower.png>]
[14] [15] <Chapter1/Figs/Raster/JSBSim.png, id=246, 1927.2pt x 1084.05pt>
File: Chapter1/Figs/Raster/JSBSim.png Graphic file (type png)

<use Chapter1/Figs/Raster/JSBSim.png>
Package pdftex.def Info: Chapter1/Figs/Raster/JSBSim.png used on input line 123
.
(pdftex.def)             Requested size: 441.01772pt x 248.06912pt.
 [16 <//userfs/ac1054/w2k/4TH YEAR/Final Project/AFinal Report/MEngReport/Chapt
er1/Figs/Raster/JSBSim.png>]
<Chapter1/Figs/Raster/MAVExplorer.png, id=252, 910.40125pt x 939.51pt>
File: Chapter1/Figs/Raster/MAVExplorer.png Graphic file (type png)

<use Chapter1/Figs/Raster/MAVExplorer.png>
Package pdftex.def Info: Chapter1/Figs/Raster/MAVExplorer.png used on input lin
e 136.
(pdftex.def)             Requested size: 441.01772pt x 455.11705pt.
 [17 <//userfs/ac1054/w2k/4TH YEAR/Final Project/AFinal Report/MEngReport/Chapt
er1/Figs/Raster/MAVExplorer.png>]
<Chapter1/Figs/Raster/MissionPlanner.png, id=260, 1445.4pt x 782.925pt>
File: Chapter1/Figs/Raster/MissionPlanner.png Graphic file (type png)

<use Chapter1/Figs/Raster/MissionPlanner.png>
Package pdftex.def Info: Chapter1/Figs/Raster/MissionPlanner.png used on input 
line 154.
(pdftex.def)             Requested size: 441.01772pt x 238.88138pt.
) [18] [19 <//userfs/ac1054/w2k/4TH YEAR/Final Project/AFinal Report/MEngReport
/Chapter1/Figs/Raster/MissionPlanner.png>]
("\\userfs\ac1054\w2k\4TH YEAR\Final Project\AFinal Report\MEngReport\Chapter2/
chapter2.tex"
Chapter 2.
) [20



]
("\\userfs\ac1054\w2k\4TH YEAR\Final Project\AFinal Report\MEngReport\Chapter3/
chapter3.tex"
Chapter 3.
) [21



]
("\\userfs\ac1054\w2k\4TH YEAR\Final Project\AFinal Report\MEngReport\Chapter4/
chapter4.tex"
Chapter 4.
) [22



]
("\\userfs\ac1054\w2k\4TH YEAR\Final Project\AFinal Report\MEngReport\Chapter5/
chapter5.tex"
Chapter 5.
) [23



]
("\\userfs\ac1054\w2k\4TH YEAR\Final Project\AFinal Report\MEngReport\Chapter6/
chapter6.tex"
Chapter 6.
) [24



]
("\\userfs\ac1054\w2k\4TH YEAR\Final Project\AFinal Report\MEngReport\Chapter7/
chapter7.tex"
Chapter 7.
) [25



]
\c@temp@BMsnd=\count366

No file MEngProject.gls.
No file MEngProject.acr.

LaTeX Warning: Empty bibliography on input line 93.

[26

]
Appendix A.
LaTeX Font Info:    External font `cmex10' loaded for size
(Font)              <7> on input line 96.
LaTeX Font Info:    External font `cmex10' loaded for size
(Font)              <5> on input line 96.

("\\userfs\ac1054\w2k\4TH YEAR\Final Project\AFinal Report\MEngReport\MEngProje
ct.mtc11")
Package minitoc Info: I0009
(minitoc)             Listing minitoc auxiliary files. 
(minitoc)             Creating the MEngProject.maf file.


Package minitoc(hints) Warning: W0079
(minitoc(hints))                You have used \dominilof, 
(minitoc(hints))                but not \minilof.


Package minitoc(hints) Warning: W0080
(minitoc(hints))                You have used \dominilot, 
(minitoc(hints))                but not \minilot.


Package minitoc(hints) Warning: W0024
(minitoc(hints))                Some hints have been written 
(minitoc(hints))                in the MEngProject.log file.

Package atveryend Info: Empty hook `BeforeClearDocument' on input line 105.
[27

]
Package atveryend Info: Empty hook `AfterLastShipout' on input line 105.

("\\userfs\ac1054\w2k\4TH YEAR\Final Project\AFinal Report\MEngReport\MEngProje
ct.aux"
("\\userfs\ac1054\w2k\4TH YEAR\Final Project\AFinal Report\MEngReport\Abstract/
abstract.aux")
("\\userfs\ac1054\w2k\4TH YEAR\Final Project\AFinal Report\MEngReport\Chapter1/
chapter1.aux")
("\\userfs\ac1054\w2k\4TH YEAR\Final Project\AFinal Report\MEngReport\Chapter2/
chapter2.aux")
("\\userfs\ac1054\w2k\4TH YEAR\Final Project\AFinal Report\MEngReport\Chapter3/
chapter3.aux")
("\\userfs\ac1054\w2k\4TH YEAR\Final Project\AFinal Report\MEngReport\Chapter4/
chapter4.aux")
("\\userfs\ac1054\w2k\4TH YEAR\Final Project\AFinal Report\MEngReport\Chapter5/
chapter5.aux")
("\\userfs\ac1054\w2k\4TH YEAR\Final Project\AFinal Report\MEngReport\Chapter6/
chapter6.aux")
("\\userfs\ac1054\w2k\4TH YEAR\Final Project\AFinal Report\MEngReport\Chapter7/
chapter7.aux"))
Package atveryend Info: Executing hook `AtVeryEndDocument' on input line 105.
Package atveryend Info: Executing hook `AtEndAfterFileList' on input line 105.
Package rerunfilecheck Info: File `MEngProject.out' has not changed.
(rerunfilecheck)             Checksum: E9270463923B11F40844334FAE554D69;1729.


LaTeX Font Warning: Size substitutions with differences
(Font)              up to 5.0pt have occurred.


LaTeX Warning: There were multiply-defined labels.

Package logreq Info: Writing requests to 'MEngProject.run.xml'.
 ) 
Here is how much of TeX's memory you used:
 23604 strings out of 493921
 418321 string characters out of 3152890
 764171 words of memory out of 3000000
 26149 multiletter control sequences out of 15000+200000
 13781 words of font info for 50 fonts, out of 3000000 for 9000
 844 hyphenation exceptions out of 8191
 46i,11n,45p,1462b,849s stack positions out of 5000i,500n,10000p,200000b,50000s
<C:/TEX/MiKTeX/fonts/type1/public/amsfonts/cm/cmbx10.pfb><C:/TEX/MiKTeX/fonts
/type1/public/amsfonts/cm/cmbx12.pfb><C:/TEX/MiKTeX/fonts/type1/public/amsfonts
/cm/cmcsc10.pfb><C:/TEX/MiKTeX/fonts/type1/public/amsfonts/cm/cmr10.pfb><C:/TEX
/MiKTeX/fonts/type1/public/amsfonts/cm/cmr12.pfb><C:/TEX/MiKTeX/fonts/type1/pub
lic/amsfonts/cm/cmr9.pfb><C:/TEX/MiKTeX/fonts/type1/public/amsfonts/cm/cmsy10.p
fb><C:/TEX/MiKTeX/fonts/type1/public/amsfonts/cm/cmti10.pfb>
Output written on MEngProject.pdf (27 pages, 6904853 bytes).
PDF statistics:
 346 PDF objects out of 1000 (max. 8388607)
 66 named destinations out of 1000 (max. 500000)
 260 words of extra memory for PDF output out of 10000 (max. 10000000)

